<?xml version="1.0" encoding="UTF-8"?>
<!-- Generated by org.testng.reporters.JUnitXMLReporter -->
<testsuite hostname="DESKTOP-CAELC20" ignored="0" name="Test" tests="4" failures="0" timestamp="2022-05-13T19:01:12 IST" time="0.111" errors="0">
  <testcase name="pqr" time="0.0" classname="TestNGProgram.TestNG6"/>
  <testcase name="xyz" time="0.0" classname="TestNGProgram.TestNG6"/>
  <testcase name="abc" time="0.0" classname="TestNGProgram.TestNG5"/>
  <testcase name="def" time="0.0" classname="TestNGProgram.TestNG5"/>
</testsuite> <!-- Test -->
